<?xml version="1.0" encoding="UTF-8"?>
<!-- Generated by org.testng.reporters.JUnitReportReporter -->
<testsuite hostname="walkingtree" failures="0" tests="1" name="org.wtt.test.SampleConnectGrid" time="0.000" errors="0" timestamp="23 Sep 2021 11:23:14 GMT" skipped="1">
  <testcase classname="org.wtt.test.SampleConnectGrid" name="f" time="0.000">
    <skipped/>
  </testcase> <!-- f -->
</testsuite> <!-- org.wtt.test.SampleConnectGrid -->
